
RAxML-NG v. 0.5.1b BETA released on 01.12.2017 by The Exelixis Lab.
Authors: Alexey Kozlov, Alexandros Stamatakis, Diego Darriba, Tomas Flouri, Benoit Morel.
Latest version: https://github.com/amkozlov/raxml-ng
Questions/problems/suggestions? Please visit: https://groups.google.com/forum/#!forum/raxml

WARNING: This is a BETA release, please use at your own risk!

RAxML-NG was called as follows:

raxml-ng --msa Ce330_annotated.min330.phy --model GTR --prefix Population_Phylogeny --threads 8

Analysis options:
  run mode: ML tree search
  start tree(s): random
  random seed: 1559934531
  tip-inner: ON
  pattern compression: ON
  per-rate scalers: OFF
  site repeats: OFF
  fast spr radius: AUTO
  spr subtree cutoff: 1.000000
  branch lengths: ML estimate (linked)
  SIMD kernels: AVX2
  parallelization: PTHREADS (8 threads)

[00:00:00] Reading alignment from file: Ce330_annotated.min330.phy
[00:00:01] Loaded alignment with 330 taxa and 1158951 sites

Alignment comprises 1 partitions and 294214 patterns

Partition 0: noname
Model: GTR+FO
Alignment sites / patterns: 1158951 / 294214
Gaps: 0.00 %
Invariant sites: 0.00 %


[00:00:09] Generating random starting tree(s) with 330 taxa
[00:00:09] Data distribution: partitions/thread: 1-1, patterns/thread: 36776-36777

Starting ML tree search with 1 distinct starting trees

[00:00:09 -120254553.559641] Initial branch length optimization
[00:00:19 -74166346.021191] Model parameter optimization (eps = 10.000000)
[00:03:00 -71866233.792934] AUTODETECT spr round 1 (radius: 5)
[00:06:43 -59031886.066659] AUTODETECT spr round 2 (radius: 10)
[00:13:24 -50943802.367563] AUTODETECT spr round 3 (radius: 15)
[00:21:39 -47598981.967713] AUTODETECT spr round 4 (radius: 20)
[00:31:04 -46251397.207782] AUTODETECT spr round 5 (radius: 25)
[00:40:36 -45967520.624328] SPR radius for FAST iterations: 25 (autodetect)
[00:40:37 -45967520.624328] Model parameter optimization (eps = 3.000000)
[00:42:04 -45966874.998253] FAST spr round 1 (radius: 25)
[00:48:53 -43528489.490228] FAST spr round 2 (radius: 25)
[00:54:54 -43355621.441799] FAST spr round 3 (radius: 25)
[01:00:38 -43325246.470759] FAST spr round 4 (radius: 25)
[01:05:48 -43300562.373924] FAST spr round 5 (radius: 25)
[01:10:38 -43299033.966203] FAST spr round 6 (radius: 25)
[01:15:17 -43297678.471680] FAST spr round 7 (radius: 25)
[01:19:49 -43297217.633172] FAST spr round 8 (radius: 25)
[01:24:14 -43296884.552152] FAST spr round 9 (radius: 25)
[01:28:41 -43296159.337321] FAST spr round 10 (radius: 25)
[01:33:09 -43294728.672217] FAST spr round 11 (radius: 25)
[01:37:35 -43294467.159157] FAST spr round 12 (radius: 25)
[01:42:01 -43294272.941909] FAST spr round 13 (radius: 25)
[01:46:24 -43294226.257688] FAST spr round 14 (radius: 25)
[01:50:47 -43294187.950791] FAST spr round 15 (radius: 25)
[01:55:11 -43294001.066018] FAST spr round 16 (radius: 25)
[01:59:35 -43293068.486000] FAST spr round 17 (radius: 25)
[02:03:58 -43293068.485988] Model parameter optimization (eps = 1.000000)
[02:05:07 -43293028.225519] SLOW spr round 1 (radius: 5)
[02:14:55 -43277732.180389] SLOW spr round 2 (radius: 5)
[02:23:49 -43277502.846742] SLOW spr round 3 (radius: 5)
[02:32:22 -43277175.309524] SLOW spr round 4 (radius: 5)
[02:40:48 -43277035.800057] SLOW spr round 5 (radius: 5)
[02:49:33 -43277035.800057] SLOW spr round 6 (radius: 10)
[02:57:29 -43273707.494318] SLOW spr round 7 (radius: 5)
[03:10:28 -43271260.098451] SLOW spr round 8 (radius: 5)
[03:21:12 -43271260.098451] SLOW spr round 9 (radius: 10)
[03:29:17 -43271260.098451] SLOW spr round 10 (radius: 15)
[03:46:23 -43271260.098451] SLOW spr round 11 (radius: 20)
[04:07:21 -43251218.325170] SLOW spr round 12 (radius: 5)
[04:20:55 -43250253.262940] SLOW spr round 13 (radius: 5)
[04:32:29 -43250023.280488] SLOW spr round 14 (radius: 5)
[04:42:11 -43250023.280370] SLOW spr round 15 (radius: 10)
[04:49:58 -43250023.280370] SLOW spr round 16 (radius: 15)
[05:07:16 -43250023.280370] SLOW spr round 17 (radius: 20)
[05:26:23 -43250023.280370] SLOW spr round 18 (radius: 25)
[05:46:09 -43239619.420089] SLOW spr round 19 (radius: 5)
[05:59:18 -43237606.177371] SLOW spr round 20 (radius: 5)
[06:10:33 -43237320.051405] SLOW spr round 21 (radius: 5)
[06:20:12 -43237320.051382] SLOW spr round 22 (radius: 10)
[06:27:58 -43237320.051382] SLOW spr round 23 (radius: 15)
[06:44:51 -43237320.051382] SLOW spr round 24 (radius: 20)
[07:03:58 -43237320.051382] SLOW spr round 25 (radius: 25)
[07:24:00 -43237320.051382] Model parameter optimization (eps = 0.100000)

[07:24:40] ML tree search #1, logLikelihood: -43237319.548195


Optimized model parameters:

   Partition 0: noname
   Rate heterogeneity: NONE
   Base frequencies (ML): 0.263374 0.236072 0.235818 0.264736 
   Substitution rates (ML): 0.993718 2.971535 1.379527 0.542726 2.962303 1.000000 

Final LogLikelihood: -43237319.548195

Best ML tree saved to: /projects/b1042/AndersenLab/work/stefan/39/810b6d9b64d264604a079d464cfd4b/Population_Phylogeny.raxml.bestTree
Optimized model saved to: /projects/b1042/AndersenLab/work/stefan/39/810b6d9b64d264604a079d464cfd4b/Population_Phylogeny.raxml.bestModel

Execution log saved to: /projects/b1042/AndersenLab/work/stefan/39/810b6d9b64d264604a079d464cfd4b/Population_Phylogeny.raxml.log

Analysis started: 07-Jun-2019 14:08:51 / finished: 07-Jun-2019 21:33:32

Elapsed time: 26681.113 seconds

