
RAxML-NG v. 0.5.1b BETA released on 01.12.2017 by The Exelixis Lab.
Authors: Alexey Kozlov, Alexandros Stamatakis, Diego Darriba, Tomas Flouri, Benoit Morel.
Latest version: https://github.com/amkozlov/raxml-ng
Questions/problems/suggestions? Please visit: https://groups.google.com/forum/#!forum/raxml

WARNING: This is a BETA release, please use at your own risk!

RAxML-NG was called as follows:

raxml-ng --msa Ce330_annotated.min330.phy --model GTR --prefix Population_Phylogeny --threads 8

Analysis options:
  run mode: ML tree search
  start tree(s): random
  random seed: 1560473884
  tip-inner: ON
  pattern compression: ON
  per-rate scalers: OFF
  site repeats: OFF
  fast spr radius: AUTO
  spr subtree cutoff: 1.000000
  branch lengths: ML estimate (linked)
  SIMD kernels: AVX2
  parallelization: PTHREADS (8 threads)

[00:00:00] Reading alignment from file: Ce330_annotated.min330.phy
[00:00:01] Loaded alignment with 330 taxa and 1158951 sites

Alignment comprises 1 partitions and 294214 patterns

Partition 0: noname
Model: GTR+FO
Alignment sites / patterns: 1158951 / 294214
Gaps: 0.00 %
Invariant sites: 0.00 %


[00:00:08] Generating random starting tree(s) with 330 taxa
[00:00:08] Data distribution: partitions/thread: 1-1, patterns/thread: 36776-36777

Starting ML tree search with 1 distinct starting trees

[00:00:09 -119954116.422434] Initial branch length optimization
[00:00:18 -73801392.349691] Model parameter optimization (eps = 10.000000)
[00:03:01 -71517576.736351] AUTODETECT spr round 1 (radius: 5)
[00:06:43 -59147896.110986] AUTODETECT spr round 2 (radius: 10)
[00:12:19 -50724809.138245] AUTODETECT spr round 3 (radius: 15)
[00:20:21 -47904014.693697] AUTODETECT spr round 4 (radius: 20)
[00:30:19 -47375076.962015] AUTODETECT spr round 5 (radius: 25)
[00:40:33 -47028771.844675] SPR radius for FAST iterations: 25 (autodetect)
[00:40:33 -47028771.844675] Model parameter optimization (eps = 3.000000)
[00:41:47 -47028250.242698] FAST spr round 1 (radius: 25)
[00:48:55 -43797916.152852] FAST spr round 2 (radius: 25)
[00:54:43 -43524702.733520] FAST spr round 3 (radius: 25)
[00:59:39 -43491102.509116] FAST spr round 4 (radius: 25)
[01:04:31 -43473180.303283] FAST spr round 5 (radius: 25)
[01:08:54 -43469668.580358] FAST spr round 6 (radius: 25)
[01:13:05 -43468644.732120] FAST spr round 7 (radius: 25)
[01:17:14 -43468030.629637] FAST spr round 8 (radius: 25)
[01:21:26 -43466737.711039] FAST spr round 9 (radius: 25)
[01:25:44 -43465170.685277] FAST spr round 10 (radius: 25)
[01:30:03 -43464150.730126] FAST spr round 11 (radius: 25)
[01:34:22 -43462482.278236] FAST spr round 12 (radius: 25)
[01:38:31 -43462092.796123] FAST spr round 13 (radius: 25)
[01:42:43 -43461898.970524] FAST spr round 14 (radius: 25)
[01:46:55 -43461898.970513] Model parameter optimization (eps = 1.000000)
[01:47:37 -43461869.561112] SLOW spr round 1 (radius: 5)
[01:56:56 -43461869.561111] SLOW spr round 2 (radius: 10)
[02:04:44 -43460009.944967] SLOW spr round 3 (radius: 5)
[02:17:19 -43458016.403426] SLOW spr round 4 (radius: 5)
[02:27:38 -43458016.403423] SLOW spr round 5 (radius: 10)
[02:35:48 -43458016.403423] SLOW spr round 6 (radius: 15)
[02:52:25 -43357287.726527] SLOW spr round 7 (radius: 5)
[03:05:23 -43353811.472052] SLOW spr round 8 (radius: 5)
[03:15:51 -43353811.472052] SLOW spr round 9 (radius: 10)
[03:24:04 -43353811.472052] SLOW spr round 10 (radius: 15)
[03:40:13 -43353811.472052] SLOW spr round 11 (radius: 20)
[04:00:52 -43352352.210579] SLOW spr round 12 (radius: 5)
[04:13:58 -43339951.394804] SLOW spr round 13 (radius: 5)
[04:24:44 -43339951.394745] SLOW spr round 14 (radius: 10)
[04:33:13 -43339951.394745] SLOW spr round 15 (radius: 15)
[04:49:08 -43339951.394745] SLOW spr round 16 (radius: 20)
[05:09:51 -43339951.394745] SLOW spr round 17 (radius: 25)
[05:30:16 -43271468.469134] SLOW spr round 18 (radius: 5)
[05:43:18 -43271468.469123] SLOW spr round 19 (radius: 10)
[05:54:14 -43271468.469123] SLOW spr round 20 (radius: 15)
[06:08:28 -43271468.469123] SLOW spr round 21 (radius: 20)
[06:30:04 -43271468.469123] SLOW spr round 22 (radius: 25)
[06:50:10 -43271468.469123] Model parameter optimization (eps = 0.100000)

[06:50:57] ML tree search #1, logLikelihood: -43271466.362194


Optimized model parameters:

   Partition 0: noname
   Rate heterogeneity: NONE
   Base frequencies (ML): 0.263790 0.235752 0.235433 0.265025 
   Substitution rates (ML): 0.992605 2.969500 1.377097 0.543006 2.961254 1.000000 

Final LogLikelihood: -43271466.362194

Best ML tree saved to: /projects/b1042/AndersenLab/work/stefan/3b/3113f3df5418d90c1ba1afb752666d/Population_Phylogeny.raxml.bestTree
Optimized model saved to: /projects/b1042/AndersenLab/work/stefan/3b/3113f3df5418d90c1ba1afb752666d/Population_Phylogeny.raxml.bestModel

Execution log saved to: /projects/b1042/AndersenLab/work/stefan/3b/3113f3df5418d90c1ba1afb752666d/Population_Phylogeny.raxml.log

Analysis started: 13-Jun-2019 19:58:04 / finished: 14-Jun-2019 02:49:01

Elapsed time: 24657.020 seconds

